2026-03-21 17:40:48,925 [INFO] 🚀 Starting build process...
2026-03-21 17:40:48,925 [INFO] Processing B1plus_B2 (anki)
2026-03-21 17:40:48,926 [INFO]   Duplicate found: 'die Unterlage, -n' in B1_plus_Thema2.txt (first seen in B1_plus_Thema1.txt)
2026-03-21 17:40:48,926 [INFO]   Duplicate found: 'der Betrieb, -e' in B1_plus_Thema2.txt (first seen in B1_plus_Thema1.txt)
2026-03-21 17:40:48,926 [INFO]   Duplicate found: 'die Berufsausbildung, -en' in B1_plus_Thema2.txt (first seen in B1_plus_Thema1.txt)
2026-03-21 17:40:48,927 [INFO]   Duplicate found: 'das Lager, -' in B1_plus_Thema3.txt (first seen in B1_plus_Thema1.txt)
2026-03-21 17:40:48,927 [INFO]   Duplicate found: 'die Geschäftsführung, -en' in B1_plus_Thema3.txt (first seen in B1_plus_Thema1.txt)
2026-03-21 17:40:48,927 [INFO]   Duplicate found: 'der Ansprechpartner, - / die Ansprechpartnerin, -nen' in B1_plus_Thema3.txt (first seen in B1_plus_Thema2.txt)
2026-03-21 17:40:48,927 [INFO]   Duplicate found: 'die Entscheidung, -en' in B1_plus_Thema3.txt (first seen in B1_plus_Thema1.txt)
2026-03-21 17:40:48,928 [INFO]   Duplicate found: 'etw. zu|stellen (stellt zu, stellte zu, hat zugestellt)' in B1_plus_Thema6.txt (first seen in B1_plus_Thema5.txt)
2026-03-21 17:40:48,929 [INFO]   Duplicate found: 'das Festnetz (Sg.)' in B1_plus_Thema7.txt (first seen in B1_plus_Thema6.txt)
2026-03-21 17:40:48,929 [INFO]   Duplicate found: 'der Erfolg, -e' in B1_plus_Thema7.txt (first seen in B1_plus_Thema3.txt)
2026-03-21 17:40:48,929 [INFO]   Duplicate found: 'wahrscheinlich' in B1_plus_Thema7.txt (first seen in B1_plus_Thema1.txt)
2026-03-21 17:40:48,929 [INFO]   Duplicate found: 'zuverlässig' in B1_plus_Thema7.txt (first seen in B1_plus_Thema6.txt)
2026-03-21 17:40:48,929 [INFO]   Duplicate found: 'die Arbeitswelt (Sg.)' in B2_Thema1.txt (first seen in B1_plus_Thema4.txt)
2026-03-21 17:40:48,929 [INFO]   Duplicate found: 'die Bedeutung, -en' in B2_Thema1.txt (first seen in B1_plus_Thema6.txt)
2026-03-21 17:40:48,929 [INFO]   Duplicate found: 'die Digitalisierung (Sg.)' in B2_Thema1.txt (first seen in B1_plus_Thema7.txt)
2026-03-21 17:40:48,930 [INFO]   Duplicate found: 'die Herausforderung, -en' in B2_Thema1.txt (first seen in B1_plus_Thema4.txt)
2026-03-21 17:40:48,930 [INFO]   Duplicate found: 'die Kompetenz, -en' in B2_Thema1.txt (first seen in B1_plus_Thema1.txt)
2026-03-21 17:40:48,930 [INFO]   Duplicate found: 'die Fachkraft, "-e' in B2_Thema1.txt (first seen in B1_plus_Thema1.txt)
2026-03-21 17:40:48,930 [INFO]   Duplicate found: 'die Pflegekraft, "-e' in B2_Thema1.txt (first seen in B1_plus_Thema2.txt)
2026-03-21 17:40:48,930 [INFO]   Duplicate found: 'etw. vermitteln (vermittelt, vermittelte, hat vermittelt)' in B2_Thema1.txt (first seen in B1_plus_Thema3.txt)
2026-03-21 17:40:48,930 [INFO]   Duplicate found: 'der Anschluss, "-e' in B2_Thema1.txt (first seen in B1_plus_Thema7.txt)
2026-03-21 17:40:48,930 [INFO]   Duplicate found: 'der Bereich, -e' in B2_Thema1.txt (first seen in B1_plus_Thema2.txt)
2026-03-21 17:40:48,930 [INFO]   Duplicate found: 'der Rundgang, "-e' in B2_Thema1.txt (first seen in B1_plus_Thema3.txt)
2026-03-21 17:40:48,930 [INFO]   Duplicate found: 'der Umsatz, "-e' in B2_Thema1.txt (first seen in B1_plus_Thema1.txt)
2026-03-21 17:40:48,931 [INFO]   Duplicate found: 'die Herstellung (Sg.)' in B2_Thema1.txt (first seen in B1_plus_Thema5.txt)
2026-03-21 17:40:48,931 [INFO]   Duplicate found: 'das Lager, -' in B2_Thema1.txt (first seen in B1_plus_Thema1.txt)
2026-03-21 17:40:48,931 [INFO]   Duplicate found: 'der Vertrieb (Sg.)' in B2_Thema1.txt (first seen in B1_plus_Thema5.txt)
2026-03-21 17:40:48,931 [INFO]   Duplicate found: 'etw. bearbeiten (bearbeitet, bearbeitete, hat bearbeitet)' in B2_Thema2.txt (first seen in B1_plus_Thema5.txt)
2026-03-21 17:40:48,931 [INFO]   Duplicate found: 'die Branche, -n' in B2_Thema2.txt (first seen in B1_plus_Thema5.txt)
2026-03-21 17:40:48,931 [INFO]   Duplicate found: 'der Handel (Sg.)' in B2_Thema2.txt (first seen in B1_plus_Thema5.txt)
2026-03-21 17:40:48,931 [INFO]   Duplicate found: 'das Handwerk (Sg.)' in B2_Thema2.txt (first seen in B1_plus_Thema5.txt)
2026-03-21 17:40:48,931 [INFO]   Duplicate found: 'die IT-Branche (Sg.)' in B2_Thema2.txt (first seen in B1_plus_Thema5.txt)
2026-03-21 17:40:48,931 [INFO]   Duplicate found: 'die Lagerlogistik (Sg.)' in B2_Thema2.txt (first seen in B1_plus_Thema1.txt)
2026-03-21 17:40:48,932 [INFO]   Duplicate found: 'die Schichtarbeit (Sg.)' in B2_Thema2.txt (first seen in B1_plus_Thema4.txt)
2026-03-21 17:40:48,932 [INFO]   Duplicate found: 'der Einzelhandel (Sg.)' in B2_Thema2.txt (first seen in B1_plus_Thema5.txt)
2026-03-21 17:40:48,932 [INFO]   Duplicate found: 'etw. erweitern (erweitert, erweiterte, hat erweitert)' in B2_Thema2.txt (first seen in B2_Thema1.txt)
2026-03-21 17:40:48,932 [INFO]   Duplicate found: 'die Spedition, -en' in B2_Thema2.txt (first seen in B1_plus_Thema5.txt)
2026-03-21 17:40:48,932 [INFO]   Duplicate found: 'die Pflicht, -en' in B2_Thema2.txt (first seen in B1_plus_Thema4.txt)
2026-03-21 17:40:48,932 [INFO]   Duplicate found: 'das Wohlbefinden (Sg.)' in B2_Thema2.txt (first seen in B1_plus_Thema4.txt)
2026-03-21 17:40:48,933 [INFO]   Duplicate found: 'der Aushang, "-e' in B2_Thema3.txt (first seen in B1_plus_Thema2.txt)
2026-03-21 17:40:48,933 [INFO]   Duplicate found: 'etw. entwickeln (entwickelt, entwickelte, hat entwickelt)' in B2_Thema3.txt (first seen in B1_plus_Thema5.txt)
2026-03-21 17:40:48,933 [INFO]   Duplicate found: 'innovativ' in B2_Thema3.txt (first seen in B1_plus_Thema2.txt)
2026-03-21 17:40:48,933 [INFO]   Duplicate found: 'sorgfältig' in B2_Thema3.txt (first seen in B1_plus_Thema6.txt)
2026-03-21 17:40:48,933 [INFO]   Duplicate found: 'die Voraussetzung, -en' in B2_Thema3.txt (first seen in B1_plus_Thema3.txt)
2026-03-21 17:40:48,933 [INFO]   Duplicate found: 'die Webseite, -n' in B2_Thema3.txt (first seen in B1_plus_Thema3.txt)
2026-03-21 17:40:48,933 [INFO]   Duplicate found: 'zur Verfügung stehen' in B2_Thema3.txt (first seen in B2_Thema1.txt)
2026-03-21 17:40:48,933 [INFO]   Duplicate found: 'die Daten (Pl.)' in B2_Thema3.txt (first seen in B1_plus_Thema7.txt)
2026-03-21 17:40:48,933 [INFO]   Duplicate found: 'etw. dokumentieren (dokumentiert, dokumentierte, hat dokumentiert)' in B2_Thema3.txt (first seen in B1_plus_Thema3.txt)
2026-03-21 17:40:48,933 [INFO]   Duplicate found: 'fehlerfrei' in B2_Thema3.txt (first seen in B1_plus_Thema2.txt)
2026-03-21 17:40:48,933 [INFO]   Duplicate found: 'die Kenntnis, -se' in B2_Thema3.txt (first seen in B2_Thema1.txt)
2026-03-21 17:40:48,934 [INFO]   Duplicate found: 'die Weiterbildung, -en' in B2_Thema3.txt (first seen in B1_plus_Thema1.txt)
2026-03-21 17:40:48,934 [INFO]   Duplicate found: 'die Soft Skills (Pl.)' in B2_Thema3.txt (first seen in B1_plus_Thema7.txt)
2026-03-21 17:40:48,934 [INFO]   Duplicate found: 'vielfältig' in B2_Thema3.txt (first seen in B1_plus_Thema7.txt)
2026-03-21 17:40:48,934 [INFO]   Duplicate found: 'Wert legen auf (+ Akk.) (legt, legte, hat gelegt)' in B2_Thema3.txt (first seen in B1_plus_Thema7.txt)
2026-03-21 17:40:48,934 [INFO]   Duplicate found: 'die Anrede, -n' in B2_Thema3.txt (first seen in B2_Thema1.txt)
2026-03-21 17:40:48,934 [INFO]   Duplicate found: 'der Ansprechpartner, - / die Ansprechpartnerin, -nen' in B2_Thema3.txt (first seen in B1_plus_Thema2.txt)
2026-03-21 17:40:48,934 [INFO]   Duplicate found: 'die Zuverlässigkeit (Sg.)' in B2_Thema3.txt (first seen in B2_Thema2.txt)
2026-03-21 17:40:48,934 [INFO]   Duplicate found: 'erforderlich' in B2_Thema3.txt (first seen in B2_Thema1.txt)
2026-03-21 17:40:48,934 [INFO]   Duplicate found: 'die Teamfähigkeit (Sg.)' in B2_Thema3.txt (first seen in B1_plus_Thema7.txt)
2026-03-21 17:40:48,935 [INFO]   Duplicate found: 'der Freizeitausgleich (Sg.)' in B2_Thema4.txt (first seen in B1_plus_Thema4.txt)
2026-03-21 17:40:48,935 [INFO]   Duplicate found: 'die Gewerkschaft, -en' in B2_Thema4.txt (first seen in B2_Thema2.txt)
2026-03-21 17:40:48,935 [INFO]   Duplicate found: 'inklusive' in B2_Thema4.txt (first seen in B1_plus_Thema6.txt)
2026-03-21 17:40:48,935 [INFO]   Duplicate found: 'der Personalverantwortliche, -n / die Personalverantwortliche, -n' in B2_Thema4.txt (first seen in B2_Thema3.txt)
2026-03-21 17:40:48,935 [INFO]   Duplicate found: 'der Tarif, -e' in B2_Thema4.txt (first seen in B1_plus_Thema6.txt)
2026-03-21 17:40:48,935 [INFO]   Duplicate found: 'das Bewerbungsverfahren, -' in B2_Thema4.txt (first seen in B1_plus_Thema2.txt)
2026-03-21 17:40:48,935 [INFO]   Duplicate found: 'der Eindruck, "-e' in B2_Thema4.txt (first seen in B1_plus_Thema2.txt)
2026-03-21 17:40:48,935 [INFO]   Duplicate found: 'der Betriebsrat, "-e' in B2_Thema4.txt (first seen in B1_plus_Thema4.txt)
2026-03-21 17:40:48,936 [INFO]   Duplicate found: 'die Pausenregelung, -en' in B2_Thema4.txt (first seen in B1_plus_Thema3.txt)
2026-03-21 17:40:48,936 [INFO]   Duplicate found: 'die Personalabteilung, -en' in B2_Thema4.txt (first seen in B1_plus_Thema3.txt)
2026-03-21 17:40:48,936 [INFO]   Duplicate found: 'die Genehmigung, -en' in B2_Thema4.txt (first seen in B1_plus_Thema2.txt)
2026-03-21 17:40:48,936 [INFO]   Duplicate found: 'die Sozialleistung, -en' in B2_Thema4.txt (first seen in B2_Thema3.txt)
2026-03-21 17:40:48,936 [INFO]   Duplicate found: 'üblich' in B2_Thema4.txt (first seen in B1_plus_Thema3.txt)
2026-03-21 17:40:48,936 [INFO]   Duplicate found: 'etw./jdn. respektieren (respektiert, respektierte, hat respektiert)' in B2_Thema4.txt (first seen in B2_Thema1.txt)
2026-03-21 17:40:48,936 [INFO]   Duplicate found: 'etw./jdn. wahrnehmen (nimmt wahr, nahm wahr, hat wahrgenommen)' in B2_Thema4.txt (first seen in B2_Thema3.txt)
2026-03-21 17:40:48,936 [INFO]   Duplicate found: 'etw. erledigen (erledigt, erledigte, hat erledigt)' in B2_Thema5.txt (first seen in B2_Thema3.txt)
2026-03-21 17:40:48,936 [INFO]   Duplicate found: 'etw. gestalten (gestaltet, gestaltete, hat gestaltet)' in B2_Thema5.txt (first seen in B1_plus_Thema5.txt)
2026-03-21 17:40:48,937 [INFO]   Duplicate found: 'die Tagesordnung, -en' in B2_Thema5.txt (first seen in B1_plus_Thema3.txt)
2026-03-21 17:40:48,937 [INFO]   Duplicate found: 'die Teambesprechung, -en' in B2_Thema5.txt (first seen in B2_Thema4.txt)
2026-03-21 17:40:48,937 [INFO]   Duplicate found: 'die Teamsitzung, -en' in B2_Thema5.txt (first seen in B1_plus_Thema3.txt)
2026-03-21 17:40:48,937 [INFO]   Duplicate found: 'der Einzelhandel (Sg.)' in B2_Thema5.txt (first seen in B1_plus_Thema5.txt)
2026-03-21 17:40:48,937 [INFO]   Duplicate found: 'das Ergebnisprotokoll, -e' in B2_Thema5.txt (first seen in B1_plus_Thema3.txt)
2026-03-21 17:40:48,937 [INFO]   Duplicate found: 'der Arbeitsalltag (Sg.)' in B2_Thema5.txt (first seen in B1_plus_Thema4.txt)
2026-03-21 17:40:48,937 [INFO]   Duplicate found: 'der Eindruck, "-e' in B2_Thema5.txt (first seen in B1_plus_Thema2.txt)
2026-03-21 17:40:48,937 [INFO]   Duplicate found: 'der Kompromiss, -e' in B2_Thema5.txt (first seen in B2_Thema1.txt)
2026-03-21 17:40:48,937 [INFO]   Duplicate found: 'sachlich' in B2_Thema5.txt (first seen in B2_Thema2.txt)
2026-03-21 17:40:48,937 [INFO]   Duplicate found: 'die Überstunde, -n' in B2_Thema5.txt (first seen in B1_plus_Thema4.txt)
2026-03-21 17:40:48,938 [INFO]   Duplicate found: 'etw. vermeiden (vermeidet, vermied, hat vermieden)' in B2_Thema5.txt (first seen in B2_Thema2.txt)
2026-03-21 17:40:48,938 [INFO]   Duplicate found: 'der Zeitdruck (Sg.)' in B2_Thema5.txt (first seen in B1_plus_Thema4.txt)
2026-03-21 17:40:48,938 [INFO]   Duplicate found: 'in der Regel' in B2_Thema5.txt (first seen in B1_plus_Thema3.txt)
2026-03-21 17:40:48,938 [INFO]   Duplicate found: 'der Kundenservice (Sg.)' in B2_Thema6.txt (first seen in B1_plus_Thema2.txt)
2026-03-21 17:40:48,938 [INFO]   Duplicate found: 'das Werbegeschenk, -e' in B2_Thema6.txt (first seen in B2_Thema5.txt)
2026-03-21 17:40:48,938 [INFO]   Duplicate found: 'erforderlich' in B2_Thema6.txt (first seen in B2_Thema1.txt)
2026-03-21 17:40:48,938 [INFO]   Duplicate found: 'die Lieferzeit, -en' in B2_Thema6.txt (first seen in B1_plus_Thema5.txt)
2026-03-21 17:40:48,939 [INFO]   Duplicate found: 'überzeugend' in B2_Thema6.txt (first seen in B2_Thema3.txt)
2026-03-21 17:40:48,939 [INFO]   Duplicate found: 'das Display, -s' in B2_Thema6.txt (first seen in B1_plus_Thema7.txt)
2026-03-21 17:40:48,939 [INFO]   Duplicate found: 'etw. warten (z. B. eine Maschine) (wartet, wartete, hat gewartet)' in B2_Thema6.txt (first seen in B2_Thema2.txt)
2026-03-21 17:40:48,939 [INFO]   Duplicate found: 'etw. erledigen (erledigt, erledigte, hat erledigt)' in B2_Thema6.txt (first seen in B2_Thema3.txt)
2026-03-21 17:40:48,939 [INFO]   Duplicate found: 'der Klimawandel (Sg.)' in B2_Thema6.txt (first seen in B2_Thema1.txt)
2026-03-21 17:40:48,939 [INFO]   Duplicate found: 'verzichten auf (+ Akk.) (verzichtet, verzichtete, hat verzichtet)' in B2_Thema6.txt (first seen in B1_plus_Thema7.txt)
2026-03-21 17:40:48,940 [INFO]   Duplicate found: 'etw. betreiben (betreibt, betrieb, hat betrieben)' in B2_Thema7.txt (first seen in B2_Thema2.txt)
2026-03-21 17:40:48,940 [INFO]   Duplicate found: 'die Qualitätssicherung (Sg.)' in B2_Thema7.txt (first seen in B2_Thema1.txt)
2026-03-21 17:40:48,940 [INFO]   Duplicate found: 'etw. vermeiden (vermeidet, vermied, hat vermieden)' in B2_Thema7.txt (first seen in B2_Thema2.txt)
2026-03-21 17:40:48,940 [INFO]   Duplicate found: 'die Zuverlässigkeit (Sg.)' in B2_Thema7.txt (first seen in B2_Thema2.txt)
2026-03-21 17:40:48,940 [INFO]   Duplicate found: 'die Hygiene (Sg.)' in B2_Thema7.txt (first seen in B2_Thema2.txt)
2026-03-21 17:40:48,940 [INFO]   Duplicate found: 'die Pflegekraft, "-e' in B2_Thema7.txt (first seen in B1_plus_Thema2.txt)
2026-03-21 17:40:48,940 [INFO]   Duplicate found: 'angespannt' in B2_Thema7.txt (first seen in B2_Thema3.txt)
2026-03-21 17:40:48,940 [INFO]   Duplicate found: 'das Arbeitsklima (Sg.)' in B2_Thema7.txt (first seen in B2_Thema5.txt)
2026-03-21 17:40:48,940 [INFO]   Duplicate found: 'die Atmosphäre (Sg.)' in B2_Thema7.txt (first seen in B2_Thema5.txt)
2026-03-21 17:40:48,940 [INFO]   Duplicate found: 'die Rückmeldung, -en' in B2_Thema7.txt (first seen in B2_Thema3.txt)
2026-03-21 17:40:48,941 [INFO]   Duplicate found: 'das Verhalten (Sg.)' in B2_Thema7.txt (first seen in B2_Thema2.txt)
2026-03-21 17:40:48,941 [INFO]   Duplicate found: 'etw. aushandeln (handelt aus, handelte aus, hat ausgehandelt)' in B2_Thema7.txt (first seen in B2_Thema4.txt)
2026-03-21 17:40:48,941 [INFO]   Duplicate found: 'die Fachkraft, "-e' in B2_Thema7.txt (first seen in B1_plus_Thema1.txt)
2026-03-21 17:40:48,941 [INFO]   Duplicate found: 'peinlich' in B2_Thema7.txt (first seen in B1_plus_Thema6.txt)
2026-03-21 17:40:48,941 [INFO]   Duplicate found: 'sachlich' in B2_Thema7.txt (first seen in B2_Thema2.txt)
2026-03-21 17:40:48,941 [INFO]   Duplicate found: 'unangenehm' in B2_Thema7.txt (first seen in B2_Thema4.txt)
2026-03-21 17:40:48,941 [INFO]   Duplicate found: 'die Ich-Botschaft, -en' in B2_Thema7.txt (first seen in B2_Thema5.txt)
2026-03-21 17:40:48,941 [INFO]   Duplicate found: 'der Ablauf, "-e' in B2_Thema8.txt (first seen in B2_Thema2.txt)
2026-03-21 17:40:48,942 [INFO]   Duplicate found: 'erforderlich' in B2_Thema8.txt (first seen in B2_Thema1.txt)
2026-03-21 17:40:48,942 [INFO]   Duplicate found: 'die Globalisierung (Sg.)' in B2_Thema8.txt (first seen in B2_Thema1.txt)
2026-03-21 17:40:48,942 [INFO]   Duplicate found: 'die Menge, -n' in B2_Thema8.txt (first seen in B1_plus_Thema5.txt)
2026-03-21 17:40:48,942 [INFO]   Duplicate found: 'der Ansprechpartner, - / die Ansprechpartnerin, -nen' in B2_Thema8.txt (first seen in B1_plus_Thema2.txt)
2026-03-21 17:40:48,942 [INFO]   Duplicate found: 'entscheidend' in B2_Thema8.txt (first seen in B2_Thema2.txt)
2026-03-21 17:40:48,942 [INFO]   Duplicate found: 'jdn. hinweisen auf (+ Akk.) (weist hin, wies hin, hat hingewiesen)' in B2_Thema8.txt (first seen in B2_Thema3.txt)
2026-03-21 17:40:48,942 [INFO]   Duplicate found: 'nachteilig' in B2_Thema8.txt (first seen in B1_plus_Thema7.txt)
2026-03-21 17:40:48,942 [INFO]   Duplicate found: 'der Rabatt, -e' in B2_Thema8.txt (first seen in B2_Thema6.txt)
2026-03-21 17:40:48,942 [INFO]   Duplicate found: 'etw. beseitigen (beseitigt, beseitigte, hat beseitigt)' in B2_Thema8.txt (first seen in B2_Thema6.txt)
2026-03-21 17:40:48,943 [INFO]   Duplicate found: 'die Beseitigung (Sg.)' in B2_Thema8.txt (first seen in B2_Thema7.txt)
2026-03-21 17:40:48,943 [INFO]   Duplicate found: 'die Einweisung, -en' in B2_Thema8.txt (first seen in B2_Thema4.txt)
2026-03-21 17:40:48,943 [INFO]   Duplicate found: 'der Mangel, "-' in B2_Thema8.txt (first seen in B2_Thema7.txt)
2026-03-21 17:40:48,943 [INFO]   Duplicate found: 'die Pflicht, -en' in B2_Thema8.txt (first seen in B1_plus_Thema4.txt)
2026-03-21 17:40:48,943 [INFO]   Duplicate found: 'in der Regel' in B2_Thema8.txt (first seen in B1_plus_Thema3.txt)
2026-03-21 17:40:48,943 [INFO]   Duplicate found: 'die Abmahnung, -en' in B2_Thema8.txt (first seen in B1_plus_Thema4.txt)
2026-03-21 17:40:48,943 [INFO]   Duplicate found: 'erwünscht' in B2_Thema8.txt (first seen in B1_plus_Thema3.txt)
2026-03-21 17:40:48,943 [INFO]   Duplicate found: 'die Aufnahme, -n' in B2_Thema9.txt (first seen in B2_Thema5.txt)
2026-03-21 17:40:48,943 [INFO]   Duplicate found: 'etw. beheben (z. B. einen Fehler) (behebt, behob, hat behoben)' in B2_Thema9.txt (first seen in B2_Thema6.txt)
2026-03-21 17:40:48,943 [INFO]   Duplicate found: 'der Dienstleister, - / die Dienstleisterin, -nen' in B2_Thema9.txt (first seen in B2_Thema3.txt)
2026-03-21 17:40:48,944 [INFO]   Duplicate found: 'das Display, -s' in B2_Thema9.txt (first seen in B1_plus_Thema7.txt)
2026-03-21 17:40:48,944 [INFO]   Duplicate found: 'etw. einstellen (stellt ein, stellte ein, hat eingestellt)' in B2_Thema9.txt (first seen in B2_Thema7.txt)
2026-03-21 17:40:48,944 [INFO]   Duplicate found: 'der Mangel, "-' in B2_Thema9.txt (first seen in B2_Thema7.txt)
2026-03-21 17:40:48,944 [INFO]   Duplicate found: 'etw. zerbrechen (zerbricht, zerbrach, hat zerbrochen)' in B2_Thema9.txt (first seen in B1_plus_Thema6.txt)
2026-03-21 17:40:48,944 [INFO]   Duplicate found: 'etw. bestätigen (bestätigt, bestätigte, hat bestätigt)' in B2_Thema9.txt (first seen in B2_Thema3.txt)
2026-03-21 17:40:48,944 [INFO]   Duplicate found: 'der Lieferschein, -e' in B2_Thema9.txt (first seen in B1_plus_Thema5.txt)
2026-03-21 17:40:48,944 [INFO]   Duplicate found: 'umgehend' in B2_Thema9.txt (first seen in B2_Thema6.txt)
2026-03-21 17:40:48,944 [INFO]   Duplicate found: 'verfügbar' in B2_Thema9.txt (first seen in B1_plus_Thema7.txt)
2026-03-21 17:40:48,944 [INFO]   Duplicate found: 'etw. beinhalten (beinhaltet, beinhaltete, hat beinhaltet)' in B2_Thema9.txt (first seen in B2_Thema3.txt)
2026-03-21 17:40:48,944 [INFO]   Duplicate found: 'etw. beseitigen (beseitigt, beseitigte, hat beseitigt)' in B2_Thema9.txt (first seen in B2_Thema6.txt)
2026-03-21 17:40:48,944 [INFO]   Duplicate found: 'die Beteiligung, -en' in B2_Thema9.txt (first seen in B2_Thema5.txt)
2026-03-21 17:40:48,945 [INFO]   Duplicate found: 'defekt' in B2_Thema9.txt (first seen in B1_plus_Thema6.txt)
2026-03-21 17:40:48,945 [INFO]   Duplicate found: 'gesetzlich' in B2_Thema9.txt (first seen in B2_Thema4.txt)
2026-03-21 17:40:48,945 [INFO]   Duplicate found: 'die Gewährleistung, -en' in B2_Thema9.txt (first seen in B2_Thema6.txt)
2026-03-21 17:40:48,945 [INFO]   Duplicate found: 'der Händler, - / die Händlerin, -nen' in B2_Thema9.txt (first seen in B1_plus_Thema5.txt)
2026-03-21 17:40:48,945 [INFO]   Duplicate found: 'Kosten übernehmen (übernimmt, übernahm, hat übernommen)' in B2_Thema9.txt (first seen in B1_plus_Thema1.txt)
2026-03-21 17:40:48,945 [INFO]   Duplicate found: 'das Missverständnis, -se' in B2_Thema9.txt (first seen in B2_Thema5.txt)
2026-03-21 17:40:48,945 [INFO]   Duplicate found: 'der Nachweis, -e' in B2_Thema9.txt (first seen in B1_plus_Thema1.txt)
2026-03-21 17:40:48,945 [INFO]   Duplicate found: 'der Ansprechpartner, - / die Ansprechpartnerin, -nen' in B2_Thema9.txt (first seen in B1_plus_Thema2.txt)
2026-03-21 17:40:48,945 [INFO]   Duplicate found: 'berechtigt' in B2_Thema9.txt (first seen in B2_Thema7.txt)
2026-03-21 17:40:48,945 [INFO]   Duplicate found: 'etw. einhalten (hält ein, hielt ein, hat eingehalten)' in B2_Thema9.txt (first seen in B2_Thema4.txt)
2026-03-21 17:40:48,945 [INFO]   Duplicate found: 'der Schadenersatz (Sg.)' in B2_Thema9.txt (first seen in B2_Thema8.txt)
2026-03-21 17:40:48,946 [INFO]   Duplicate found: 'etw. verlangen (verlangt, verlangte, hat verlangt)' in B2_Thema9.txt (first seen in B2_Thema3.txt)
2026-03-21 17:40:48,946 [INFO]   Duplicate found: 'die Fachmesse, -n' in B2_Thema10.txt (first seen in B2_Thema8.txt)
2026-03-21 17:40:48,946 [INFO]   Duplicate found: 'leistungsfähig' in B2_Thema10.txt (first seen in B1_plus_Thema7.txt)
2026-03-21 17:40:48,946 [INFO]   Duplicate found: 'mittelständisch' in B2_Thema10.txt (first seen in B2_Thema4.txt)
2026-03-21 17:40:48,946 [INFO]   Duplicate found: 'der Umsatz, "-e' in B2_Thema10.txt (first seen in B1_plus_Thema1.txt)
2026-03-21 17:40:48,946 [INFO]   Duplicate found: 'die Bedienbarkeit (Sg.)' in B2_Thema10.txt (first seen in B2_Thema7.txt)
2026-03-21 17:40:48,946 [INFO]   Duplicate found: 'etw. behaupten (behauptet, behauptete, hat behauptet)' in B2_Thema10.txt (first seen in B2_Thema2.txt)
2026-03-21 17:40:48,946 [INFO]   Duplicate found: 'etw. erweitern (erweitert, erweiterte, hat erweitert)' in B2_Thema10.txt (first seen in B2_Thema1.txt)
2026-03-21 17:40:48,946 [INFO]   Duplicate found: 'das Fachwissen (Sg.)' in B2_Thema10.txt (first seen in B2_Thema3.txt)
2026-03-21 17:40:48,947 [INFO]   Duplicate found: 'die Anforderung, -en' in B2_Thema10.txt (first seen in B1_plus_Thema7.txt)
2026-03-21 17:40:48,947 [INFO]   Duplicate found: 'die Digitalisierung (Sg.)' in B2_Thema10.txt (first seen in B1_plus_Thema7.txt)
2026-03-21 17:40:48,947 [INFO]   Duplicate found: 'benutzerfreundlich' in B2_Thema10.txt (first seen in B2_Thema7.txt)
2026-03-21 17:40:48,947 [INFO]   Duplicate found: 'der Businessplan, "-e' in B2_Thema10.txt (first seen in B1_plus_Thema1.txt)
2026-03-21 17:40:48,947 [INFO]   Duplicate found: 'vielfältig' in B2_Thema10.txt (first seen in B1_plus_Thema7.txt)
2026-03-21 17:40:48,947 [INFO]   Duplicate found: 'etw. vermeiden (vermeidet, vermied, hat vermieden)' in B2_Thema10.txt (first seen in B2_Thema2.txt)
2026-03-21 17:40:48,947 [INFO]   Duplicate found: 'etw. vertiefen (vertieft, vertiefte, hat vertieft)' in B2_Thema10.txt (first seen in B2_Thema3.txt)
2026-03-21 17:40:48,947 [INFO]   Duplicate found: 'befristet' in B2_Thema11.txt (first seen in B2_Thema2.txt)
2026-03-21 17:40:48,948 [INFO]   Duplicate found: 'der Berufsalltag (Sg.)' in B2_Thema11.txt (first seen in B1_plus_Thema3.txt)
2026-03-21 17:40:48,948 [INFO]   Duplicate found: 'gültig' in B2_Thema11.txt (first seen in B1_plus_Thema6.txt)
2026-03-21 17:40:48,948 [INFO]   Duplicate found: 'unbefristet' in B2_Thema11.txt (first seen in B2_Thema3.txt)
2026-03-21 17:40:48,948 [INFO]   Duplicate found: 'die Abmahnung, -en' in B2_Thema11.txt (first seen in B1_plus_Thema4.txt)
2026-03-21 17:40:48,948 [INFO]   Duplicate found: 'die Betriebsversammlung, -en' in B2_Thema11.txt (first seen in B2_Thema4.txt)
2026-03-21 17:40:48,948 [INFO]   Duplicate found: 'die Geschäftsführung, -en' in B2_Thema11.txt (first seen in B1_plus_Thema1.txt)
2026-03-21 17:40:48,948 [INFO]   Duplicate found: 'die Gewerkschaft, -en' in B2_Thema11.txt (first seen in B2_Thema2.txt)
2026-03-21 17:40:48,948 [INFO]   Duplicate found: 'verhandeln (verhandelt, verhandelte, hat verhandelt)' in B2_Thema11.txt (first seen in B2_Thema6.txt)
2026-03-21 17:40:48,948 [INFO]   Duplicate found: 'etw. verhindern (verhindert, verhinderte, hat verhindert)' in B2_Thema11.txt (first seen in B2_Thema7.txt)
2026-03-21 17:40:48,948 [INFO]   Duplicate found: 'verständlich' in B2_Thema11.txt (first seen in B2_Thema3.txt)
2026-03-21 17:40:48,949 [INFO]   Duplicate found: 'etw./jdn. vertreten (vertritt, vertrat, hat vertreten)' in B2_Thema11.txt (first seen in B2_Thema2.txt)
2026-03-21 17:40:48,949 [INFO]   Duplicate found: 'das Arbeitsgericht, -e' in B2_Thema11.txt (first seen in B1_plus_Thema4.txt)
2026-03-21 17:40:48,949 [INFO]   Duplicate found: 'das Arbeitsverhältnis, -se' in B2_Thema11.txt (first seen in B1_plus_Thema2.txt)
2026-03-21 17:40:48,949 [INFO]   Duplicate found: 'ausgehen von (+ Dat.) (geht aus, ging aus, ist ausgegangen)' in B2_Thema11.txt (first seen in B2_Thema9.txt)
2026-03-21 17:40:48,949 [INFO]   Duplicate found: 'wahrscheinlich' in B2_Thema11.txt (first seen in B1_plus_Thema1.txt)
2026-03-21 17:40:48,949 [INFO]   Duplicate found: 'jdn. zwingen (zwingt, zwang, hat gezwungen)' in B2_Thema11.txt (first seen in B2_Thema6.txt)
2026-03-21 17:40:48,949 [INFO]   Duplicate found: 'das Arbeitsverhältnis, -se' in B2_Thema11.txt (first seen in B1_plus_Thema2.txt)
2026-03-21 17:40:48,949 [INFO]   Duplicate found: 'jdn. einstellen (stellt ein, stellte ein, hat eingestellt)' in B2_Thema11.txt (first seen in B2_Thema2.txt)
2026-03-21 17:40:48,949 [INFO]   Duplicate found: 'etw. erreichen (erreicht, erreichte, hat erreicht)' in B2_Thema11.txt (first seen in B2_Thema7.txt)
2026-03-21 17:40:48,949 [INFO]   Duplicate found: 'gesetzlich' in B2_Thema11.txt (first seen in B2_Thema4.txt)
2026-03-21 17:40:48,949 [INFO]   Duplicate found: 'der Mindesturlaub (Sg.)' in B2_Thema11.txt (first seen in B1_plus_Thema4.txt)
2026-03-21 17:40:48,950 [INFO]   Duplicate found: 'der Anlass, "-e' in B2_Thema11.txt (first seen in B2_Thema4.txt)
2026-03-21 17:40:48,950 [INFO]   Duplicate found: 'die Hausordnung, -en' in B2_Thema11.txt (first seen in B2_Thema4.txt)
2026-03-21 17:40:48,950 [INFO]   Duplicate found: 'die Pflicht, -en' in B2_Thema11.txt (first seen in B1_plus_Thema4.txt)
2026-03-21 17:40:48,950 [INFO]   Duplicate found: 'umgehend' in B2_Thema11.txt (first seen in B2_Thema6.txt)
2026-03-21 17:40:48,950 [INFO]   Duplicate found: 'der Anspruch, "-e' in B2_Thema12.txt (first seen in B1_plus_Thema4.txt)
2026-03-21 17:40:48,950 [INFO]   Duplicate found: 'die Betriebsrente, -n' in B2_Thema12.txt (first seen in B2_Thema4.txt)
2026-03-21 17:40:48,950 [INFO]   Duplicate found: 'etw. bewilligen (bewilligt, bewilligte, hat bewilligt)' in B2_Thema12.txt (first seen in B2_Thema7.txt)
2026-03-21 17:40:48,950 [INFO]   Duplicate found: 'das Nettoeinkommen, -' in B2_Thema12.txt (first seen in B2_Thema4.txt)
2026-03-21 17:40:48,951 [INFO]   Duplicate found: 'die Gehaltsabrechnung, -en' in B2_Thema12.txt (first seen in B2_Thema6.txt)
2026-03-21 17:40:48,951 [INFO]   Duplicate found: 'etw. variieren (variiert, variierte, hat variiert)' in B2_Thema12.txt (first seen in B2_Thema3.txt)
2026-03-21 17:40:48,951 [INFO]   Duplicate found: 'Anspruch haben auf (+ Akk.)' in B2_Thema12.txt (first seen in B1_plus_Thema4.txt)
2026-03-21 17:40:48,951 [INFO]   Duplicate found: 'das Homeoffice (Sg.)' in B2_Thema12.txt (first seen in B2_Thema2.txt)
2026-03-21 17:40:48,951 [INFO]   Duplicate found: 'der Arbeitgeberverband, "-e' in B2_Thema12.txt (first seen in B2_Thema4.txt)
2026-03-21 17:40:48,951 [INFO]   Duplicate found: 'etw. aushandeln (handelt aus, handelte aus, hat ausgehandelt)' in B2_Thema12.txt (first seen in B2_Thema4.txt)
2026-03-21 17:40:48,951 [INFO]   Duplicate found: 'generell' in B2_Thema12.txt (first seen in B2_Thema9.txt)
2026-03-21 17:40:48,951 [INFO]   Duplicate found: 'peinlich' in B2_Thema12.txt (first seen in B1_plus_Thema6.txt)
2026-03-21 17:40:48,951 [INFO]   Duplicate found: 'üblich' in B2_Thema12.txt (first seen in B1_plus_Thema3.txt)
2026-03-21 17:40:48,966 [INFO] ✅ Web data exported to docs/data.json (1824 unique entries)
2026-03-21 17:40:48,966 [INFO] ✅ Anki: Combined deck generated (1824 unique cards from 2037 total entries)
2026-03-21 17:40:48,966 [INFO] Processing B1plus_B2 (quizlet)
2026-03-21 17:40:48,967 [INFO]   Duplicate found: 'die Unterlage, -n' in B1_plus_Thema2.txt (first seen in B1_plus_Thema1.txt)
2026-03-21 17:40:48,967 [INFO]   Duplicate found: 'der Betrieb, -e' in B1_plus_Thema2.txt (first seen in B1_plus_Thema1.txt)
2026-03-21 17:40:48,967 [INFO]   Duplicate found: 'die Berufsausbildung, -en' in B1_plus_Thema2.txt (first seen in B1_plus_Thema1.txt)
2026-03-21 17:40:48,968 [INFO]   Duplicate found: 'das Lager, -' in B1_plus_Thema3.txt (first seen in B1_plus_Thema1.txt)
2026-03-21 17:40:48,968 [INFO]   Duplicate found: 'die Geschäftsführung, -en' in B1_plus_Thema3.txt (first seen in B1_plus_Thema1.txt)
2026-03-21 17:40:48,968 [INFO]   Duplicate found: 'der Ansprechpartner, - / die Ansprechpartnerin, -nen' in B1_plus_Thema3.txt (first seen in B1_plus_Thema2.txt)
2026-03-21 17:40:48,968 [INFO]   Duplicate found: 'die Entscheidung, -en' in B1_plus_Thema3.txt (first seen in B1_plus_Thema1.txt)
2026-03-21 17:40:48,969 [INFO]   Duplicate found: 'etw. zu|stellen (stellt zu, stellte zu, hat zugestellt)' in B1_plus_Thema6.txt (first seen in B1_plus_Thema5.txt)
2026-03-21 17:40:48,970 [INFO]   Duplicate found: 'das Festnetz (Sg.)' in B1_plus_Thema7.txt (first seen in B1_plus_Thema6.txt)
2026-03-21 17:40:48,970 [INFO]   Duplicate found: 'der Erfolg, -e' in B1_plus_Thema7.txt (first seen in B1_plus_Thema3.txt)
2026-03-21 17:40:48,970 [INFO]   Duplicate found: 'wahrscheinlich' in B1_plus_Thema7.txt (first seen in B1_plus_Thema1.txt)
2026-03-21 17:40:48,970 [INFO]   Duplicate found: 'zuverlässig' in B1_plus_Thema7.txt (first seen in B1_plus_Thema6.txt)
2026-03-21 17:40:48,970 [INFO]   Duplicate found: 'die Arbeitswelt (Sg.)' in B2_Thema1.txt (first seen in B1_plus_Thema4.txt)
2026-03-21 17:40:48,970 [INFO]   Duplicate found: 'die Bedeutung, -en' in B2_Thema1.txt (first seen in B1_plus_Thema6.txt)
2026-03-21 17:40:48,971 [INFO]   Duplicate found: 'die Digitalisierung (Sg.)' in B2_Thema1.txt (first seen in B1_plus_Thema7.txt)
2026-03-21 17:40:48,971 [INFO]   Duplicate found: 'die Herausforderung, -en' in B2_Thema1.txt (first seen in B1_plus_Thema4.txt)
2026-03-21 17:40:48,971 [INFO]   Duplicate found: 'die Kompetenz, -en' in B2_Thema1.txt (first seen in B1_plus_Thema1.txt)
2026-03-21 17:40:48,971 [INFO]   Duplicate found: 'die Fachkraft, "-e' in B2_Thema1.txt (first seen in B1_plus_Thema1.txt)
2026-03-21 17:40:48,971 [INFO]   Duplicate found: 'die Pflegekraft, "-e' in B2_Thema1.txt (first seen in B1_plus_Thema2.txt)
2026-03-21 17:40:48,971 [INFO]   Duplicate found: 'etw. vermitteln (vermittelt, vermittelte, hat vermittelt)' in B2_Thema1.txt (first seen in B1_plus_Thema3.txt)
2026-03-21 17:40:48,971 [INFO]   Duplicate found: 'der Anschluss, "-e' in B2_Thema1.txt (first seen in B1_plus_Thema7.txt)
2026-03-21 17:40:48,971 [INFO]   Duplicate found: 'der Bereich, -e' in B2_Thema1.txt (first seen in B1_plus_Thema2.txt)
2026-03-21 17:40:48,972 [INFO]   Duplicate found: 'der Rundgang, "-e' in B2_Thema1.txt (first seen in B1_plus_Thema3.txt)
2026-03-21 17:40:48,972 [INFO]   Duplicate found: 'der Umsatz, "-e' in B2_Thema1.txt (first seen in B1_plus_Thema1.txt)
2026-03-21 17:40:48,972 [INFO]   Duplicate found: 'die Herstellung (Sg.)' in B2_Thema1.txt (first seen in B1_plus_Thema5.txt)
2026-03-21 17:40:48,972 [INFO]   Duplicate found: 'das Lager, -' in B2_Thema1.txt (first seen in B1_plus_Thema1.txt)
2026-03-21 17:40:48,972 [INFO]   Duplicate found: 'der Vertrieb (Sg.)' in B2_Thema1.txt (first seen in B1_plus_Thema5.txt)
2026-03-21 17:40:48,972 [INFO]   Duplicate found: 'etw. bearbeiten (bearbeitet, bearbeitete, hat bearbeitet)' in B2_Thema2.txt (first seen in B1_plus_Thema5.txt)
2026-03-21 17:40:48,972 [INFO]   Duplicate found: 'die Branche, -n' in B2_Thema2.txt (first seen in B1_plus_Thema5.txt)
2026-03-21 17:40:48,973 [INFO]   Duplicate found: 'der Handel (Sg.)' in B2_Thema2.txt (first seen in B1_plus_Thema5.txt)
2026-03-21 17:40:48,973 [INFO]   Duplicate found: 'das Handwerk (Sg.)' in B2_Thema2.txt (first seen in B1_plus_Thema5.txt)
2026-03-21 17:40:48,973 [INFO]   Duplicate found: 'die IT-Branche (Sg.)' in B2_Thema2.txt (first seen in B1_plus_Thema5.txt)
2026-03-21 17:40:48,973 [INFO]   Duplicate found: 'die Lagerlogistik (Sg.)' in B2_Thema2.txt (first seen in B1_plus_Thema1.txt)
2026-03-21 17:40:48,973 [INFO]   Duplicate found: 'die Schichtarbeit (Sg.)' in B2_Thema2.txt (first seen in B1_plus_Thema4.txt)
2026-03-21 17:40:48,973 [INFO]   Duplicate found: 'der Einzelhandel (Sg.)' in B2_Thema2.txt (first seen in B1_plus_Thema5.txt)
2026-03-21 17:40:48,973 [INFO]   Duplicate found: 'etw. erweitern (erweitert, erweiterte, hat erweitert)' in B2_Thema2.txt (first seen in B2_Thema1.txt)
2026-03-21 17:40:48,973 [INFO]   Duplicate found: 'die Spedition, -en' in B2_Thema2.txt (first seen in B1_plus_Thema5.txt)
2026-03-21 17:40:48,973 [INFO]   Duplicate found: 'die Pflicht, -en' in B2_Thema2.txt (first seen in B1_plus_Thema4.txt)
2026-03-21 17:40:48,974 [INFO]   Duplicate found: 'das Wohlbefinden (Sg.)' in B2_Thema2.txt (first seen in B1_plus_Thema4.txt)
2026-03-21 17:40:48,974 [INFO]   Duplicate found: 'der Aushang, "-e' in B2_Thema3.txt (first seen in B1_plus_Thema2.txt)
2026-03-21 17:40:48,974 [INFO]   Duplicate found: 'etw. entwickeln (entwickelt, entwickelte, hat entwickelt)' in B2_Thema3.txt (first seen in B1_plus_Thema5.txt)
2026-03-21 17:40:48,974 [INFO]   Duplicate found: 'innovativ' in B2_Thema3.txt (first seen in B1_plus_Thema2.txt)
2026-03-21 17:40:48,974 [INFO]   Duplicate found: 'sorgfältig' in B2_Thema3.txt (first seen in B1_plus_Thema6.txt)
2026-03-21 17:40:48,974 [INFO]   Duplicate found: 'die Voraussetzung, -en' in B2_Thema3.txt (first seen in B1_plus_Thema3.txt)
2026-03-21 17:40:48,974 [INFO]   Duplicate found: 'die Webseite, -n' in B2_Thema3.txt (first seen in B1_plus_Thema3.txt)
2026-03-21 17:40:48,975 [INFO]   Duplicate found: 'zur Verfügung stehen' in B2_Thema3.txt (first seen in B2_Thema1.txt)
2026-03-21 17:40:48,975 [INFO]   Duplicate found: 'die Daten (Pl.)' in B2_Thema3.txt (first seen in B1_plus_Thema7.txt)
2026-03-21 17:40:48,975 [INFO]   Duplicate found: 'etw. dokumentieren (dokumentiert, dokumentierte, hat dokumentiert)' in B2_Thema3.txt (first seen in B1_plus_Thema3.txt)
2026-03-21 17:40:48,975 [INFO]   Duplicate found: 'fehlerfrei' in B2_Thema3.txt (first seen in B1_plus_Thema2.txt)
2026-03-21 17:40:48,975 [INFO]   Duplicate found: 'die Kenntnis, -se' in B2_Thema3.txt (first seen in B2_Thema1.txt)
2026-03-21 17:40:48,975 [INFO]   Duplicate found: 'die Weiterbildung, -en' in B2_Thema3.txt (first seen in B1_plus_Thema1.txt)
2026-03-21 17:40:48,975 [INFO]   Duplicate found: 'die Soft Skills (Pl.)' in B2_Thema3.txt (first seen in B1_plus_Thema7.txt)
2026-03-21 17:40:48,975 [INFO]   Duplicate found: 'vielfältig' in B2_Thema3.txt (first seen in B1_plus_Thema7.txt)
2026-03-21 17:40:48,975 [INFO]   Duplicate found: 'Wert legen auf (+ Akk.) (legt, legte, hat gelegt)' in B2_Thema3.txt (first seen in B1_plus_Thema7.txt)
2026-03-21 17:40:48,975 [INFO]   Duplicate found: 'die Anrede, -n' in B2_Thema3.txt (first seen in B2_Thema1.txt)
2026-03-21 17:40:48,975 [INFO]   Duplicate found: 'der Ansprechpartner, - / die Ansprechpartnerin, -nen' in B2_Thema3.txt (first seen in B1_plus_Thema2.txt)
2026-03-21 17:40:48,976 [INFO]   Duplicate found: 'die Zuverlässigkeit (Sg.)' in B2_Thema3.txt (first seen in B2_Thema2.txt)
2026-03-21 17:40:48,976 [INFO]   Duplicate found: 'erforderlich' in B2_Thema3.txt (first seen in B2_Thema1.txt)
2026-03-21 17:40:48,976 [INFO]   Duplicate found: 'die Teamfähigkeit (Sg.)' in B2_Thema3.txt (first seen in B1_plus_Thema7.txt)
2026-03-21 17:40:48,976 [INFO]   Duplicate found: 'der Freizeitausgleich (Sg.)' in B2_Thema4.txt (first seen in B1_plus_Thema4.txt)
2026-03-21 17:40:48,976 [INFO]   Duplicate found: 'die Gewerkschaft, -en' in B2_Thema4.txt (first seen in B2_Thema2.txt)
2026-03-21 17:40:48,976 [INFO]   Duplicate found: 'inklusive' in B2_Thema4.txt (first seen in B1_plus_Thema6.txt)
2026-03-21 17:40:48,976 [INFO]   Duplicate found: 'der Personalverantwortliche, -n / die Personalverantwortliche, -n' in B2_Thema4.txt (first seen in B2_Thema3.txt)
2026-03-21 17:40:48,977 [INFO]   Duplicate found: 'der Tarif, -e' in B2_Thema4.txt (first seen in B1_plus_Thema6.txt)
2026-03-21 17:40:48,977 [INFO]   Duplicate found: 'das Bewerbungsverfahren, -' in B2_Thema4.txt (first seen in B1_plus_Thema2.txt)
2026-03-21 17:40:48,977 [INFO]   Duplicate found: 'der Eindruck, "-e' in B2_Thema4.txt (first seen in B1_plus_Thema2.txt)
2026-03-21 17:40:48,977 [INFO]   Duplicate found: 'der Betriebsrat, "-e' in B2_Thema4.txt (first seen in B1_plus_Thema4.txt)
2026-03-21 17:40:48,977 [INFO]   Duplicate found: 'die Pausenregelung, -en' in B2_Thema4.txt (first seen in B1_plus_Thema3.txt)
2026-03-21 17:40:48,977 [INFO]   Duplicate found: 'die Personalabteilung, -en' in B2_Thema4.txt (first seen in B1_plus_Thema3.txt)
2026-03-21 17:40:48,977 [INFO]   Duplicate found: 'die Genehmigung, -en' in B2_Thema4.txt (first seen in B1_plus_Thema2.txt)
2026-03-21 17:40:48,977 [INFO]   Duplicate found: 'die Sozialleistung, -en' in B2_Thema4.txt (first seen in B2_Thema3.txt)
2026-03-21 17:40:48,977 [INFO]   Duplicate found: 'üblich' in B2_Thema4.txt (first seen in B1_plus_Thema3.txt)
2026-03-21 17:40:48,978 [INFO]   Duplicate found: 'etw./jdn. respektieren (respektiert, respektierte, hat respektiert)' in B2_Thema4.txt (first seen in B2_Thema1.txt)
2026-03-21 17:40:48,978 [INFO]   Duplicate found: 'etw./jdn. wahrnehmen (nimmt wahr, nahm wahr, hat wahrgenommen)' in B2_Thema4.txt (first seen in B2_Thema3.txt)
2026-03-21 17:40:48,978 [INFO]   Duplicate found: 'etw. erledigen (erledigt, erledigte, hat erledigt)' in B2_Thema5.txt (first seen in B2_Thema3.txt)
2026-03-21 17:40:48,978 [INFO]   Duplicate found: 'etw. gestalten (gestaltet, gestaltete, hat gestaltet)' in B2_Thema5.txt (first seen in B1_plus_Thema5.txt)
2026-03-21 17:40:48,978 [INFO]   Duplicate found: 'die Tagesordnung, -en' in B2_Thema5.txt (first seen in B1_plus_Thema3.txt)
2026-03-21 17:40:48,978 [INFO]   Duplicate found: 'die Teambesprechung, -en' in B2_Thema5.txt (first seen in B2_Thema4.txt)
2026-03-21 17:40:48,978 [INFO]   Duplicate found: 'die Teamsitzung, -en' in B2_Thema5.txt (first seen in B1_plus_Thema3.txt)
2026-03-21 17:40:48,978 [INFO]   Duplicate found: 'der Einzelhandel (Sg.)' in B2_Thema5.txt (first seen in B1_plus_Thema5.txt)
2026-03-21 17:40:48,979 [INFO]   Duplicate found: 'das Ergebnisprotokoll, -e' in B2_Thema5.txt (first seen in B1_plus_Thema3.txt)
2026-03-21 17:40:48,979 [INFO]   Duplicate found: 'der Arbeitsalltag (Sg.)' in B2_Thema5.txt (first seen in B1_plus_Thema4.txt)
2026-03-21 17:40:48,979 [INFO]   Duplicate found: 'der Eindruck, "-e' in B2_Thema5.txt (first seen in B1_plus_Thema2.txt)
2026-03-21 17:40:48,979 [INFO]   Duplicate found: 'der Kompromiss, -e' in B2_Thema5.txt (first seen in B2_Thema1.txt)
2026-03-21 17:40:48,979 [INFO]   Duplicate found: 'sachlich' in B2_Thema5.txt (first seen in B2_Thema2.txt)
2026-03-21 17:40:48,979 [INFO]   Duplicate found: 'die Überstunde, -n' in B2_Thema5.txt (first seen in B1_plus_Thema4.txt)
2026-03-21 17:40:48,979 [INFO]   Duplicate found: 'etw. vermeiden (vermeidet, vermied, hat vermieden)' in B2_Thema5.txt (first seen in B2_Thema2.txt)
2026-03-21 17:40:48,979 [INFO]   Duplicate found: 'der Zeitdruck (Sg.)' in B2_Thema5.txt (first seen in B1_plus_Thema4.txt)
2026-03-21 17:40:48,980 [INFO]   Duplicate found: 'in der Regel' in B2_Thema5.txt (first seen in B1_plus_Thema3.txt)
2026-03-21 17:40:48,980 [INFO]   Duplicate found: 'der Kundenservice (Sg.)' in B2_Thema6.txt (first seen in B1_plus_Thema2.txt)
2026-03-21 17:40:48,980 [INFO]   Duplicate found: 'das Werbegeschenk, -e' in B2_Thema6.txt (first seen in B2_Thema5.txt)
2026-03-21 17:40:48,980 [INFO]   Duplicate found: 'erforderlich' in B2_Thema6.txt (first seen in B2_Thema1.txt)
2026-03-21 17:40:48,980 [INFO]   Duplicate found: 'die Lieferzeit, -en' in B2_Thema6.txt (first seen in B1_plus_Thema5.txt)
2026-03-21 17:40:48,980 [INFO]   Duplicate found: 'überzeugend' in B2_Thema6.txt (first seen in B2_Thema3.txt)
2026-03-21 17:40:48,980 [INFO]   Duplicate found: 'das Display, -s' in B2_Thema6.txt (first seen in B1_plus_Thema7.txt)
2026-03-21 17:40:48,981 [INFO]   Duplicate found: 'etw. warten (z. B. eine Maschine) (wartet, wartete, hat gewartet)' in B2_Thema6.txt (first seen in B2_Thema2.txt)
2026-03-21 17:40:48,981 [INFO]   Duplicate found: 'etw. erledigen (erledigt, erledigte, hat erledigt)' in B2_Thema6.txt (first seen in B2_Thema3.txt)
2026-03-21 17:40:48,981 [INFO]   Duplicate found: 'der Klimawandel (Sg.)' in B2_Thema6.txt (first seen in B2_Thema1.txt)
2026-03-21 17:40:48,981 [INFO]   Duplicate found: 'verzichten auf (+ Akk.) (verzichtet, verzichtete, hat verzichtet)' in B2_Thema6.txt (first seen in B1_plus_Thema7.txt)
2026-03-21 17:40:48,981 [INFO]   Duplicate found: 'etw. betreiben (betreibt, betrieb, hat betrieben)' in B2_Thema7.txt (first seen in B2_Thema2.txt)
2026-03-21 17:40:48,982 [INFO]   Duplicate found: 'die Qualitätssicherung (Sg.)' in B2_Thema7.txt (first seen in B2_Thema1.txt)
2026-03-21 17:40:48,982 [INFO]   Duplicate found: 'etw. vermeiden (vermeidet, vermied, hat vermieden)' in B2_Thema7.txt (first seen in B2_Thema2.txt)
2026-03-21 17:40:48,982 [INFO]   Duplicate found: 'die Zuverlässigkeit (Sg.)' in B2_Thema7.txt (first seen in B2_Thema2.txt)
2026-03-21 17:40:48,982 [INFO]   Duplicate found: 'die Hygiene (Sg.)' in B2_Thema7.txt (first seen in B2_Thema2.txt)
2026-03-21 17:40:48,982 [INFO]   Duplicate found: 'die Pflegekraft, "-e' in B2_Thema7.txt (first seen in B1_plus_Thema2.txt)
2026-03-21 17:40:48,982 [INFO]   Duplicate found: 'angespannt' in B2_Thema7.txt (first seen in B2_Thema3.txt)
2026-03-21 17:40:48,982 [INFO]   Duplicate found: 'das Arbeitsklima (Sg.)' in B2_Thema7.txt (first seen in B2_Thema5.txt)
2026-03-21 17:40:48,982 [INFO]   Duplicate found: 'die Atmosphäre (Sg.)' in B2_Thema7.txt (first seen in B2_Thema5.txt)
2026-03-21 17:40:48,982 [INFO]   Duplicate found: 'die Rückmeldung, -en' in B2_Thema7.txt (first seen in B2_Thema3.txt)
2026-03-21 17:40:48,983 [INFO]   Duplicate found: 'das Verhalten (Sg.)' in B2_Thema7.txt (first seen in B2_Thema2.txt)
2026-03-21 17:40:48,983 [INFO]   Duplicate found: 'etw. aushandeln (handelt aus, handelte aus, hat ausgehandelt)' in B2_Thema7.txt (first seen in B2_Thema4.txt)
2026-03-21 17:40:48,983 [INFO]   Duplicate found: 'die Fachkraft, "-e' in B2_Thema7.txt (first seen in B1_plus_Thema1.txt)
2026-03-21 17:40:48,983 [INFO]   Duplicate found: 'peinlich' in B2_Thema7.txt (first seen in B1_plus_Thema6.txt)
2026-03-21 17:40:48,983 [INFO]   Duplicate found: 'sachlich' in B2_Thema7.txt (first seen in B2_Thema2.txt)
2026-03-21 17:40:48,983 [INFO]   Duplicate found: 'unangenehm' in B2_Thema7.txt (first seen in B2_Thema4.txt)
2026-03-21 17:40:48,983 [INFO]   Duplicate found: 'die Ich-Botschaft, -en' in B2_Thema7.txt (first seen in B2_Thema5.txt)
2026-03-21 17:40:48,983 [INFO]   Duplicate found: 'der Ablauf, "-e' in B2_Thema8.txt (first seen in B2_Thema2.txt)
2026-03-21 17:40:48,984 [INFO]   Duplicate found: 'erforderlich' in B2_Thema8.txt (first seen in B2_Thema1.txt)
2026-03-21 17:40:48,984 [INFO]   Duplicate found: 'die Globalisierung (Sg.)' in B2_Thema8.txt (first seen in B2_Thema1.txt)
2026-03-21 17:40:48,984 [INFO]   Duplicate found: 'die Menge, -n' in B2_Thema8.txt (first seen in B1_plus_Thema5.txt)
2026-03-21 17:40:48,984 [INFO]   Duplicate found: 'der Ansprechpartner, - / die Ansprechpartnerin, -nen' in B2_Thema8.txt (first seen in B1_plus_Thema2.txt)
2026-03-21 17:40:48,984 [INFO]   Duplicate found: 'entscheidend' in B2_Thema8.txt (first seen in B2_Thema2.txt)
2026-03-21 17:40:48,984 [INFO]   Duplicate found: 'jdn. hinweisen auf (+ Akk.) (weist hin, wies hin, hat hingewiesen)' in B2_Thema8.txt (first seen in B2_Thema3.txt)
2026-03-21 17:40:48,984 [INFO]   Duplicate found: 'nachteilig' in B2_Thema8.txt (first seen in B1_plus_Thema7.txt)
2026-03-21 17:40:48,984 [INFO]   Duplicate found: 'der Rabatt, -e' in B2_Thema8.txt (first seen in B2_Thema6.txt)
2026-03-21 17:40:48,984 [INFO]   Duplicate found: 'etw. beseitigen (beseitigt, beseitigte, hat beseitigt)' in B2_Thema8.txt (first seen in B2_Thema6.txt)
2026-03-21 17:40:48,985 [INFO]   Duplicate found: 'die Beseitigung (Sg.)' in B2_Thema8.txt (first seen in B2_Thema7.txt)
2026-03-21 17:40:48,985 [INFO]   Duplicate found: 'die Einweisung, -en' in B2_Thema8.txt (first seen in B2_Thema4.txt)
2026-03-21 17:40:48,985 [INFO]   Duplicate found: 'der Mangel, "-' in B2_Thema8.txt (first seen in B2_Thema7.txt)
2026-03-21 17:40:48,985 [INFO]   Duplicate found: 'die Pflicht, -en' in B2_Thema8.txt (first seen in B1_plus_Thema4.txt)
2026-03-21 17:40:48,985 [INFO]   Duplicate found: 'in der Regel' in B2_Thema8.txt (first seen in B1_plus_Thema3.txt)
2026-03-21 17:40:48,985 [INFO]   Duplicate found: 'die Abmahnung, -en' in B2_Thema8.txt (first seen in B1_plus_Thema4.txt)
2026-03-21 17:40:48,985 [INFO]   Duplicate found: 'erwünscht' in B2_Thema8.txt (first seen in B1_plus_Thema3.txt)
2026-03-21 17:40:48,985 [INFO]   Duplicate found: 'die Aufnahme, -n' in B2_Thema9.txt (first seen in B2_Thema5.txt)
2026-03-21 17:40:48,985 [INFO]   Duplicate found: 'etw. beheben (z. B. einen Fehler) (behebt, behob, hat behoben)' in B2_Thema9.txt (first seen in B2_Thema6.txt)
2026-03-21 17:40:48,986 [INFO]   Duplicate found: 'der Dienstleister, - / die Dienstleisterin, -nen' in B2_Thema9.txt (first seen in B2_Thema3.txt)
2026-03-21 17:40:48,986 [INFO]   Duplicate found: 'das Display, -s' in B2_Thema9.txt (first seen in B1_plus_Thema7.txt)
2026-03-21 17:40:48,986 [INFO]   Duplicate found: 'etw. einstellen (stellt ein, stellte ein, hat eingestellt)' in B2_Thema9.txt (first seen in B2_Thema7.txt)
2026-03-21 17:40:48,986 [INFO]   Duplicate found: 'der Mangel, "-' in B2_Thema9.txt (first seen in B2_Thema7.txt)
2026-03-21 17:40:48,986 [INFO]   Duplicate found: 'etw. zerbrechen (zerbricht, zerbrach, hat zerbrochen)' in B2_Thema9.txt (first seen in B1_plus_Thema6.txt)
2026-03-21 17:40:48,986 [INFO]   Duplicate found: 'etw. bestätigen (bestätigt, bestätigte, hat bestätigt)' in B2_Thema9.txt (first seen in B2_Thema3.txt)
2026-03-21 17:40:48,986 [INFO]   Duplicate found: 'der Lieferschein, -e' in B2_Thema9.txt (first seen in B1_plus_Thema5.txt)
2026-03-21 17:40:48,986 [INFO]   Duplicate found: 'umgehend' in B2_Thema9.txt (first seen in B2_Thema6.txt)
2026-03-21 17:40:48,986 [INFO]   Duplicate found: 'verfügbar' in B2_Thema9.txt (first seen in B1_plus_Thema7.txt)
2026-03-21 17:40:48,986 [INFO]   Duplicate found: 'etw. beinhalten (beinhaltet, beinhaltete, hat beinhaltet)' in B2_Thema9.txt (first seen in B2_Thema3.txt)
2026-03-21 17:40:48,987 [INFO]   Duplicate found: 'etw. beseitigen (beseitigt, beseitigte, hat beseitigt)' in B2_Thema9.txt (first seen in B2_Thema6.txt)
2026-03-21 17:40:48,987 [INFO]   Duplicate found: 'die Beteiligung, -en' in B2_Thema9.txt (first seen in B2_Thema5.txt)
2026-03-21 17:40:48,987 [INFO]   Duplicate found: 'defekt' in B2_Thema9.txt (first seen in B1_plus_Thema6.txt)
2026-03-21 17:40:48,987 [INFO]   Duplicate found: 'gesetzlich' in B2_Thema9.txt (first seen in B2_Thema4.txt)
2026-03-21 17:40:48,987 [INFO]   Duplicate found: 'die Gewährleistung, -en' in B2_Thema9.txt (first seen in B2_Thema6.txt)
2026-03-21 17:40:48,987 [INFO]   Duplicate found: 'der Händler, - / die Händlerin, -nen' in B2_Thema9.txt (first seen in B1_plus_Thema5.txt)
2026-03-21 17:40:48,987 [INFO]   Duplicate found: 'Kosten übernehmen (übernimmt, übernahm, hat übernommen)' in B2_Thema9.txt (first seen in B1_plus_Thema1.txt)
2026-03-21 17:40:48,987 [INFO]   Duplicate found: 'das Missverständnis, -se' in B2_Thema9.txt (first seen in B2_Thema5.txt)
2026-03-21 17:40:48,987 [INFO]   Duplicate found: 'der Nachweis, -e' in B2_Thema9.txt (first seen in B1_plus_Thema1.txt)
2026-03-21 17:40:48,987 [INFO]   Duplicate found: 'der Ansprechpartner, - / die Ansprechpartnerin, -nen' in B2_Thema9.txt (first seen in B1_plus_Thema2.txt)
2026-03-21 17:40:48,987 [INFO]   Duplicate found: 'berechtigt' in B2_Thema9.txt (first seen in B2_Thema7.txt)
2026-03-21 17:40:48,988 [INFO]   Duplicate found: 'etw. einhalten (hält ein, hielt ein, hat eingehalten)' in B2_Thema9.txt (first seen in B2_Thema4.txt)
2026-03-21 17:40:48,988 [INFO]   Duplicate found: 'der Schadenersatz (Sg.)' in B2_Thema9.txt (first seen in B2_Thema8.txt)
2026-03-21 17:40:48,988 [INFO]   Duplicate found: 'etw. verlangen (verlangt, verlangte, hat verlangt)' in B2_Thema9.txt (first seen in B2_Thema3.txt)
2026-03-21 17:40:48,988 [INFO]   Duplicate found: 'die Fachmesse, -n' in B2_Thema10.txt (first seen in B2_Thema8.txt)
2026-03-21 17:40:48,988 [INFO]   Duplicate found: 'leistungsfähig' in B2_Thema10.txt (first seen in B1_plus_Thema7.txt)
2026-03-21 17:40:48,988 [INFO]   Duplicate found: 'mittelständisch' in B2_Thema10.txt (first seen in B2_Thema4.txt)
2026-03-21 17:40:48,988 [INFO]   Duplicate found: 'der Umsatz, "-e' in B2_Thema10.txt (first seen in B1_plus_Thema1.txt)
2026-03-21 17:40:48,988 [INFO]   Duplicate found: 'die Bedienbarkeit (Sg.)' in B2_Thema10.txt (first seen in B2_Thema7.txt)
2026-03-21 17:40:48,988 [INFO]   Duplicate found: 'etw. behaupten (behauptet, behauptete, hat behauptet)' in B2_Thema10.txt (first seen in B2_Thema2.txt)
2026-03-21 17:40:48,989 [INFO]   Duplicate found: 'etw. erweitern (erweitert, erweiterte, hat erweitert)' in B2_Thema10.txt (first seen in B2_Thema1.txt)
2026-03-21 17:40:48,989 [INFO]   Duplicate found: 'das Fachwissen (Sg.)' in B2_Thema10.txt (first seen in B2_Thema3.txt)
2026-03-21 17:40:48,989 [INFO]   Duplicate found: 'die Anforderung, -en' in B2_Thema10.txt (first seen in B1_plus_Thema7.txt)
2026-03-21 17:40:48,989 [INFO]   Duplicate found: 'die Digitalisierung (Sg.)' in B2_Thema10.txt (first seen in B1_plus_Thema7.txt)
2026-03-21 17:40:48,989 [INFO]   Duplicate found: 'benutzerfreundlich' in B2_Thema10.txt (first seen in B2_Thema7.txt)
2026-03-21 17:40:48,989 [INFO]   Duplicate found: 'der Businessplan, "-e' in B2_Thema10.txt (first seen in B1_plus_Thema1.txt)
2026-03-21 17:40:48,989 [INFO]   Duplicate found: 'vielfältig' in B2_Thema10.txt (first seen in B1_plus_Thema7.txt)
2026-03-21 17:40:48,989 [INFO]   Duplicate found: 'etw. vermeiden (vermeidet, vermied, hat vermieden)' in B2_Thema10.txt (first seen in B2_Thema2.txt)
2026-03-21 17:40:48,990 [INFO]   Duplicate found: 'etw. vertiefen (vertieft, vertiefte, hat vertieft)' in B2_Thema10.txt (first seen in B2_Thema3.txt)
2026-03-21 17:40:48,990 [INFO]   Duplicate found: 'befristet' in B2_Thema11.txt (first seen in B2_Thema2.txt)
2026-03-21 17:40:48,990 [INFO]   Duplicate found: 'der Berufsalltag (Sg.)' in B2_Thema11.txt (first seen in B1_plus_Thema3.txt)
2026-03-21 17:40:48,990 [INFO]   Duplicate found: 'gültig' in B2_Thema11.txt (first seen in B1_plus_Thema6.txt)
2026-03-21 17:40:48,990 [INFO]   Duplicate found: 'unbefristet' in B2_Thema11.txt (first seen in B2_Thema3.txt)
2026-03-21 17:40:48,990 [INFO]   Duplicate found: 'die Abmahnung, -en' in B2_Thema11.txt (first seen in B1_plus_Thema4.txt)
2026-03-21 17:40:48,990 [INFO]   Duplicate found: 'die Betriebsversammlung, -en' in B2_Thema11.txt (first seen in B2_Thema4.txt)
2026-03-21 17:40:48,990 [INFO]   Duplicate found: 'die Geschäftsführung, -en' in B2_Thema11.txt (first seen in B1_plus_Thema1.txt)
2026-03-21 17:40:48,991 [INFO]   Duplicate found: 'die Gewerkschaft, -en' in B2_Thema11.txt (first seen in B2_Thema2.txt)
2026-03-21 17:40:48,991 [INFO]   Duplicate found: 'verhandeln (verhandelt, verhandelte, hat verhandelt)' in B2_Thema11.txt (first seen in B2_Thema6.txt)
2026-03-21 17:40:48,991 [INFO]   Duplicate found: 'etw. verhindern (verhindert, verhinderte, hat verhindert)' in B2_Thema11.txt (first seen in B2_Thema7.txt)
2026-03-21 17:40:48,991 [INFO]   Duplicate found: 'verständlich' in B2_Thema11.txt (first seen in B2_Thema3.txt)
2026-03-21 17:40:48,991 [INFO]   Duplicate found: 'etw./jdn. vertreten (vertritt, vertrat, hat vertreten)' in B2_Thema11.txt (first seen in B2_Thema2.txt)
2026-03-21 17:40:48,991 [INFO]   Duplicate found: 'das Arbeitsgericht, -e' in B2_Thema11.txt (first seen in B1_plus_Thema4.txt)
2026-03-21 17:40:48,991 [INFO]   Duplicate found: 'das Arbeitsverhältnis, -se' in B2_Thema11.txt (first seen in B1_plus_Thema2.txt)
2026-03-21 17:40:48,991 [INFO]   Duplicate found: 'ausgehen von (+ Dat.) (geht aus, ging aus, ist ausgegangen)' in B2_Thema11.txt (first seen in B2_Thema9.txt)
2026-03-21 17:40:48,991 [INFO]   Duplicate found: 'wahrscheinlich' in B2_Thema11.txt (first seen in B1_plus_Thema1.txt)
2026-03-21 17:40:48,991 [INFO]   Duplicate found: 'jdn. zwingen (zwingt, zwang, hat gezwungen)' in B2_Thema11.txt (first seen in B2_Thema6.txt)
2026-03-21 17:40:48,992 [INFO]   Duplicate found: 'das Arbeitsverhältnis, -se' in B2_Thema11.txt (first seen in B1_plus_Thema2.txt)
2026-03-21 17:40:48,992 [INFO]   Duplicate found: 'jdn. einstellen (stellt ein, stellte ein, hat eingestellt)' in B2_Thema11.txt (first seen in B2_Thema2.txt)
2026-03-21 17:40:48,992 [INFO]   Duplicate found: 'etw. erreichen (erreicht, erreichte, hat erreicht)' in B2_Thema11.txt (first seen in B2_Thema7.txt)
2026-03-21 17:40:48,992 [INFO]   Duplicate found: 'gesetzlich' in B2_Thema11.txt (first seen in B2_Thema4.txt)
2026-03-21 17:40:48,992 [INFO]   Duplicate found: 'der Mindesturlaub (Sg.)' in B2_Thema11.txt (first seen in B1_plus_Thema4.txt)
2026-03-21 17:40:48,992 [INFO]   Duplicate found: 'der Anlass, "-e' in B2_Thema11.txt (first seen in B2_Thema4.txt)
2026-03-21 17:40:48,992 [INFO]   Duplicate found: 'die Hausordnung, -en' in B2_Thema11.txt (first seen in B2_Thema4.txt)
2026-03-21 17:40:48,992 [INFO]   Duplicate found: 'die Pflicht, -en' in B2_Thema11.txt (first seen in B1_plus_Thema4.txt)
2026-03-21 17:40:48,992 [INFO]   Duplicate found: 'umgehend' in B2_Thema11.txt (first seen in B2_Thema6.txt)
2026-03-21 17:40:48,993 [INFO]   Duplicate found: 'der Anspruch, "-e' in B2_Thema12.txt (first seen in B1_plus_Thema4.txt)
2026-03-21 17:40:48,993 [INFO]   Duplicate found: 'die Betriebsrente, -n' in B2_Thema12.txt (first seen in B2_Thema4.txt)
2026-03-21 17:40:48,993 [INFO]   Duplicate found: 'etw. bewilligen (bewilligt, bewilligte, hat bewilligt)' in B2_Thema12.txt (first seen in B2_Thema7.txt)
2026-03-21 17:40:48,993 [INFO]   Duplicate found: 'das Nettoeinkommen, -' in B2_Thema12.txt (first seen in B2_Thema4.txt)
2026-03-21 17:40:48,993 [INFO]   Duplicate found: 'die Gehaltsabrechnung, -en' in B2_Thema12.txt (first seen in B2_Thema6.txt)
2026-03-21 17:40:48,993 [INFO]   Duplicate found: 'etw. variieren (variiert, variierte, hat variiert)' in B2_Thema12.txt (first seen in B2_Thema3.txt)
2026-03-21 17:40:48,993 [INFO]   Duplicate found: 'Anspruch haben auf (+ Akk.)' in B2_Thema12.txt (first seen in B1_plus_Thema4.txt)
2026-03-21 17:40:48,994 [INFO]   Duplicate found: 'das Homeoffice (Sg.)' in B2_Thema12.txt (first seen in B2_Thema2.txt)
2026-03-21 17:40:48,994 [INFO]   Duplicate found: 'der Arbeitgeberverband, "-e' in B2_Thema12.txt (first seen in B2_Thema4.txt)
2026-03-21 17:40:48,994 [INFO]   Duplicate found: 'etw. aushandeln (handelt aus, handelte aus, hat ausgehandelt)' in B2_Thema12.txt (first seen in B2_Thema4.txt)
2026-03-21 17:40:48,994 [INFO]   Duplicate found: 'generell' in B2_Thema12.txt (first seen in B2_Thema9.txt)
2026-03-21 17:40:48,994 [INFO]   Duplicate found: 'peinlich' in B2_Thema12.txt (first seen in B1_plus_Thema6.txt)
2026-03-21 17:40:48,994 [INFO]   Duplicate found: 'üblich' in B2_Thema12.txt (first seen in B1_plus_Thema3.txt)
2026-03-21 17:40:48,997 [INFO] ✅ Quizlet: Clean/Full decks generated.
2026-03-21 17:40:48,997 [INFO] Processing B1plus_B2 (quizlet minimal)
2026-03-21 17:40:49,009 [INFO] ✅ Quizlet: Minimal decks generated.
2026-03-21 17:40:49,009 [INFO] ✨ Build completed successfully with 0 errors!
